{"/Users/nattatorn.yuch/workspace/binance-p2p/src/main.ts": {"path":"/Users/nattatorn.yuch/workspace/binance-p2p/src/main.ts","statementMap":{"0":{"start":{"line":1,"column":0},"end":{"line":1,"column":37}},"1":{"start":{"line":2,"column":0},"end":{"line":2,"column":31}},"2":{"start":{"line":3,"column":0},"end":{"line":3,"column":57}},"3":{"start":{"line":4,"column":0},"end":{"line":4,"column":27}},"4":{"start":{"line":6,"column":0},"end":{"line":6,"column":35}},"5":{"start":{"line":7,"column":0},"end":{"line":7,"column":40}},"6":{"start":{"line":9,"column":22},"end":{"line":9,"column":26}},"7":{"start":{"line":10,"column":21},"end":{"line":10,"column":46}},"8":{"start":{"line":11,"column":24},"end":{"line":11,"column":26}},"9":{"start":{"line":12,"column":23},"end":{"line":12,"column":29}},"10":{"start":{"line":13,"column":21},"end":{"line":13,"column":26}},"11":{"start":{"line":14,"column":27},"end":{"line":14,"column":32}},"12":{"start":{"line":24,"column":12},"end":{"line":24,"column":23}},"13":{"start":{"line":27,"column":24},"end":{"line":27,"column":48}},"14":{"start":{"line":28,"column":2},"end":{"line":34,"column":4}},"15":{"start":{"line":38,"column":22},"end":{"line":38,"column":43}},"16":{"start":{"line":39,"column":2},"end":{"line":45,"column":4}},"17":{"start":{"line":49,"column":27},"end":{"line":49,"column":54}},"18":{"start":{"line":50,"column":2},"end":{"line":56,"column":4}},"19":{"start":{"line":60,"column":2},"end":{"line":64,"column":4}},"20":{"start":{"line":75,"column":30},"end":{"line":75,"column":74}},"21":{"start":{"line":76,"column":20},"end":{"line":76,"column":48}},"22":{"start":{"line":78,"column":27},"end":{"line":141,"column":4}},"23":{"start":{"line":142,"column":18},"end":{"line":142,"column":43}},"24":{"start":{"line":144,"column":37},"end":{"line":144,"column":52}},"25":{"start":{"line":145,"column":23},"end":{"line":145,"column":58}},"26":{"start":{"line":147,"column":25},"end":{"line":147,"column":49}},"27":{"start":{"line":149,"column":18},"end":{"line":149,"column":68}},"28":{"start":{"line":151,"column":2},"end":{"line":151,"column":48}},"29":{"start":{"line":157,"column":14},"end":{"line":157,"column":67}},"30":{"start":{"line":159,"column":18},"end":{"line":162,"column":4}},"31":{"start":{"line":164,"column":19},"end":{"line":169,"column":4}},"32":{"start":{"line":170,"column":2},"end":{"line":170,"column":23}},"33":{"start":{"line":174,"column":2},"end":{"line":184,"column":null}},"34":{"start":{"line":175,"column":24},"end":{"line":175,"column":56}},"35":{"start":{"line":176,"column":4},"end":{"line":176,"column":23}},"36":{"start":{"line":178,"column":4},"end":{"line":181,"column":null}},"37":{"start":{"line":179,"column":25},"end":{"line":179,"column":58}},"38":{"start":{"line":180,"column":6},"end":{"line":180,"column":38}},"39":{"start":{"line":183,"column":4},"end":{"line":183,"column":16}},"40":{"start":{"line":188,"column":37},"end":{"line":195,"column":4}},"41":{"start":{"line":196,"column":2},"end":{"line":196,"column":17}},"42":{"start":{"line":200,"column":22},"end":{"line":200,"column":56}},"43":{"start":{"line":201,"column":28},"end":{"line":202,"column":null}},"44":{"start":{"line":205,"column":37},"end":{"line":208,"column":4}},"45":{"start":{"line":209,"column":17},"end":{"line":209,"column":51}},"46":{"start":{"line":211,"column":2},"end":{"line":211,"column":16}},"47":{"start":{"line":199,"column":0},"end":{"line":199,"column":16}},"48":{"start":{"line":215,"column":22},"end":{"line":215,"column":56}},"49":{"start":{"line":216,"column":24},"end":{"line":216,"column":49}},"50":{"start":{"line":217,"column":17},"end":{"line":217,"column":38}},"51":{"start":{"line":219,"column":2},"end":{"line":219,"column":16}},"52":{"start":{"line":214,"column":0},"end":{"line":214,"column":16}},"53":{"start":{"line":223,"column":68},"end":{"line":223,"column":70}},"54":{"start":{"line":225,"column":21},"end":{"line":225,"column":22}},"55":{"start":{"line":226,"column":2},"end":{"line":234,"column":null}},"56":{"start":{"line":226,"column":19},"end":{"line":226,"column":20}},"57":{"start":{"line":227,"column":26},"end":{"line":227,"column":39}},"58":{"start":{"line":228,"column":4},"end":{"line":233,"column":null}},"59":{"start":{"line":229,"column":6},"end":{"line":231,"column":8}},"60":{"start":{"line":232,"column":6},"end":{"line":232,"column":21}},"61":{"start":{"line":235,"column":2},"end":{"line":235,"column":32}},"62":{"start":{"line":238,"column":0},"end":{"line":238,"column":null}},"63":{"start":{"line":239,"column":2},"end":{"line":239,"column":null}},"64":{"start":{"line":240,"column":2},"end":{"line":240,"column":null}},"65":{"start":{"line":241,"column":2},"end":{"line":241,"column":null}},"66":{"start":{"line":242,"column":2},"end":{"line":242,"column":null}},"67":{"start":{"line":245,"column":19},"end":{"line":249,"column":2}},"68":{"start":{"line":252,"column":24},"end":{"line":252,"column":33}},"69":{"start":{"line":253,"column":20},"end":{"line":255,"column":4}},"70":{"start":{"line":256,"column":2},"end":{"line":256,"column":19}},"71":{"start":{"line":260,"column":16},"end":{"line":289,"column":4}},"72":{"start":{"line":291,"column":28},"end":{"line":291,"column":54}},"73":{"start":{"line":292,"column":33},"end":{"line":292,"column":60}},"74":{"start":{"line":293,"column":2},"end":{"line":317,"column":null}},"75":{"start":{"line":294,"column":28},"end":{"line":294,"column":60}},"76":{"start":{"line":295,"column":28},"end":{"line":295,"column":66}},"77":{"start":{"line":296,"column":21},"end":{"line":296,"column":46}},"78":{"start":{"line":297,"column":18},"end":{"line":297,"column":33}},"79":{"start":{"line":298,"column":25},"end":{"line":298,"column":48}},"80":{"start":{"line":299,"column":22},"end":{"line":299,"column":45}},"81":{"start":{"line":300,"column":35},"end":{"line":300,"column":67}},"82":{"start":{"line":301,"column":21},"end":{"line":301,"column":46}},"83":{"start":{"line":303,"column":4},"end":{"line":305,"column":18}},"84":{"start":{"line":307,"column":4},"end":{"line":316,"column":7}},"85":{"start":{"line":319,"column":2},"end":{"line":319,"column":15}},"86":{"start":{"line":323,"column":2},"end":{"line":323,"column":9}},"87":{"start":{"line":324,"column":2},"end":{"line":324,"column":37}},"88":{"start":{"line":327,"column":0},"end":{"line":351,"column":5}},"89":{"start":{"line":327,"column":12},"end":{"line":351,"column":2}},"90":{"start":{"line":328,"column":2},"end":{"line":328,"column":66}},"91":{"start":{"line":329,"column":18},"end":{"line":329,"column":37}},"92":{"start":{"line":331,"column":2},"end":{"line":331,"column":12}},"93":{"start":{"line":332,"column":2},"end":{"line":332,"column":55}},"94":{"start":{"line":334,"column":14},"end":{"line":348,"column":4}},"95":{"start":{"line":334,"column":25},"end":{"line":348,"column":4}},"96":{"start":{"line":335,"column":27},"end":{"line":335,"column":52}},"97":{"start":{"line":336,"column":24},"end":{"line":336,"column":56}},"98":{"start":{"line":337,"column":19},"end":{"line":337,"column":35}},"99":{"start":{"line":338,"column":19},"end":{"line":338,"column":58}},"100":{"start":{"line":339,"column":18},"end":{"line":339,"column":48}},"101":{"start":{"line":341,"column":4},"end":{"line":347,"column":3}},"102":{"start":{"line":350,"column":2},"end":{"line":350,"column":45}}},"fnMap":{"0":{"name":"askCryptoQuestion","decl":{"start":{"line":26,"column":9},"end":{"line":26,"column":26}},"loc":{"start":{"line":26,"column":41},"end":{"line":35,"column":1}}},"1":{"name":"askFiatQuestion","decl":{"start":{"line":37,"column":9},"end":{"line":37,"column":24}},"loc":{"start":{"line":37,"column":37},"end":{"line":46,"column":1}}},"2":{"name":"askTradeTypeQuestion","decl":{"start":{"line":48,"column":9},"end":{"line":48,"column":29}},"loc":{"start":{"line":48,"column":47},"end":{"line":57,"column":1}}},"3":{"name":"askTransAmountQuestion","decl":{"start":{"line":59,"column":9},"end":{"line":59,"column":31}},"loc":{"start":{"line":59,"column":31},"end":{"line":65,"column":1}}},"4":{"name":"askQuestion","decl":{"start":{"line":74,"column":15},"end":{"line":74,"column":26}},"loc":{"start":{"line":74,"column":26},"end":{"line":152,"column":null}}},"5":{"name":"requestBinanceP2P","decl":{"start":{"line":154,"column":15},"end":{"line":154,"column":32}},"loc":{"start":{"line":155,"column":35},"end":{"line":171,"column":null}}},"6":{"name":"requestP2P","decl":{"start":{"line":173,"column":15},"end":{"line":173,"column":25}},"loc":{"start":{"line":173,"column":52},"end":{"line":185,"column":null}}},"7":{"name":"prepareP2POption","decl":{"start":{"line":187,"column":9},"end":{"line":187,"column":25}},"loc":{"start":{"line":187,"column":47},"end":{"line":197,"column":1}}},"8":{"name":"sortOrderWithPriceAndFinishRate","decl":{"start":{"line":199,"column":16},"end":{"line":199,"column":47}},"loc":{"start":{"line":199,"column":64},"end":{"line":212,"column":1}}},"9":{"name":"sortOrderWithPrice","decl":{"start":{"line":214,"column":16},"end":{"line":214,"column":34}},"loc":{"start":{"line":214,"column":51},"end":{"line":220,"column":1}}},"10":{"name":"mapColor","decl":{"start":{"line":222,"column":9},"end":{"line":222,"column":17}},"loc":{"start":{"line":222,"column":34},"end":{"line":236,"column":1}}},"11":{"name":"(anonymous_14)","decl":{"start":{"line":238,"column":0},"end":{"line":238,"column":5}},"loc":{"start":{"line":238,"column":11},"end":{"line":243,"column":1}}},"12":{"name":"thousandSeparator","decl":{"start":{"line":251,"column":9},"end":{"line":251,"column":26}},"loc":{"start":{"line":251,"column":69},"end":{"line":257,"column":1}}},"13":{"name":"generateTable","decl":{"start":{"line":259,"column":9},"end":{"line":259,"column":22}},"loc":{"start":{"line":259,"column":62},"end":{"line":320,"column":1}}},"14":{"name":"setIntervalImmediately","decl":{"start":{"line":322,"column":9},"end":{"line":322,"column":31}},"loc":{"start":{"line":322,"column":64},"end":{"line":325,"column":1}}},"15":{"name":"(anonymous_18)","decl":{"start":{"line":327,"column":1},"end":{"line":327,"column":10}},"loc":{"start":{"line":327,"column":12},"end":{"line":351,"column":2}}},"16":{"name":"(anonymous_19)","decl":{"start":{"line":327,"column":12},"end":{"line":327,"column":null}},"loc":{"start":{"line":327,"column":12},"end":{"line":351,"column":1}}},"17":{"name":"(anonymous_20)","decl":{"start":{"line":334,"column":14},"end":{"line":334,"column":23}},"loc":{"start":{"line":334,"column":25},"end":{"line":348,"column":4}}},"18":{"name":"(anonymous_21)","decl":{"start":{"line":334,"column":25},"end":{"line":334,"column":null}},"loc":{"start":{"line":334,"column":25},"end":{"line":348,"column":3}}}},"branchMap":{"0":{"loc":{"start":{"line":27,"column":24},"end":{"line":27,"column":38}},"type":"binary-expr","locations":[{"start":{"line":27,"column":24},"end":{"line":27,"column":38}},{"start":{"line":27,"column":42},"end":{"line":27,"column":48}}]},"1":{"loc":{"start":{"line":38,"column":22},"end":{"line":38,"column":34}},"type":"binary-expr","locations":[{"start":{"line":38,"column":22},"end":{"line":38,"column":34}},{"start":{"line":38,"column":38},"end":{"line":38,"column":43}}]},"2":{"loc":{"start":{"line":49,"column":27},"end":{"line":49,"column":45}},"type":"binary-expr","locations":[{"start":{"line":49,"column":27},"end":{"line":49,"column":45}},{"start":{"line":49,"column":49},"end":{"line":49,"column":54}}]},"3":{"loc":{"start":{"line":55,"column":13},"end":{"line":55,"column":29}},"type":"binary-expr","locations":[{"start":{"line":55,"column":13},"end":{"line":55,"column":29}},{"start":{"line":55,"column":33},"end":{"line":55,"column":38}}]},"4":{"loc":{"start":{"line":178,"column":4},"end":{"line":181,"column":null}},"type":"if","locations":[{"start":{"line":178,"column":4},"end":{"line":181,"column":null}},{"start":{"line":178,"column":4},"end":{"line":181,"column":null}}]},"5":{"loc":{"start":{"line":178,"column":8},"end":{"line":178,"column":13}},"type":"binary-expr","locations":[{"start":{"line":178,"column":8},"end":{"line":178,"column":13}},{"start":{"line":178,"column":17},"end":{"line":178,"column":31}}]},"6":{"loc":{"start":{"line":190,"column":10},"end":{"line":190,"column":25}},"type":"binary-expr","locations":[{"start":{"line":190,"column":10},"end":{"line":190,"column":25}},{"start":{"line":190,"column":29},"end":{"line":190,"column":31}}]},"7":{"loc":{"start":{"line":228,"column":4},"end":{"line":233,"column":null}},"type":"if","locations":[{"start":{"line":228,"column":4},"end":{"line":233,"column":null}},{"start":{"line":228,"column":4},"end":{"line":233,"column":null}}]},"8":{"loc":{"start":{"line":230,"column":15},"end":{"line":230,"column":47}},"type":"binary-expr","locations":[{"start":{"line":230,"column":15},"end":{"line":230,"column":47}},{"start":{"line":230,"column":51},"end":{"line":230,"column":64}}]},"9":{"loc":{"start":{"line":238,"column":5},"end":{"line":238,"column":11}},"type":"binary-expr","locations":[{"start":{"line":238,"column":5},"end":{"line":238,"column":11}},{"start":{"line":238,"column":5},"end":{"line":238,"column":null}}]},"10":{"loc":{"start":{"line":251,"column":68},"end":{"line":251,"column":69}},"type":"default-arg","locations":[{"start":{"line":251,"column":68},"end":{"line":251,"column":69}}]},"11":{"loc":{"start":{"line":304,"column":10},"end":{"line":304,"column":66}},"type":"cond-expr","locations":[{"start":{"line":304,"column":10},"end":{"line":304,"column":66}},{"start":{"line":305,"column":10},"end":{"line":305,"column":18}}]},"12":{"loc":{"start":{"line":309,"column":10},"end":{"line":309,"column":56}},"type":"cond-expr","locations":[{"start":{"line":309,"column":10},"end":{"line":309,"column":56}},{"start":{"line":310,"column":10},"end":{"line":310,"column":32}}]}},"s":{"0":1,"1":1,"2":1,"3":1,"4":1,"5":1,"6":1,"7":1,"8":1,"9":1,"10":1,"11":1,"12":1,"13":1,"14":1,"15":1,"16":1,"17":1,"18":1,"19":1,"20":1,"21":1,"22":1,"23":1,"24":1,"25":1,"26":1,"27":1,"28":1,"29":0,"30":0,"31":0,"32":0,"33":0,"34":0,"35":0,"36":0,"37":0,"38":0,"39":0,"40":0,"41":0,"42":1,"43":1,"44":1,"45":1,"46":1,"47":1,"48":1,"49":1,"50":1,"51":1,"52":1,"53":0,"54":0,"55":0,"56":0,"57":0,"58":0,"59":0,"60":0,"61":0,"62":1,"63":1,"64":1,"65":1,"66":1,"67":1,"68":0,"69":0,"70":0,"71":0,"72":0,"73":0,"74":0,"75":0,"76":0,"77":0,"78":0,"79":0,"80":0,"81":0,"82":0,"83":0,"84":0,"85":0,"86":0,"87":0,"88":1,"89":1,"90":1,"91":1,"92":0,"93":0,"94":0,"95":0,"96":0,"97":0,"98":0,"99":0,"100":0,"101":0,"102":0},"f":{"0":1,"1":1,"2":1,"3":1,"4":1,"5":0,"6":0,"7":0,"8":1,"9":1,"10":0,"11":1,"12":0,"13":0,"14":0,"15":1,"16":1,"17":0,"18":0},"b":{"0":[1,0],"1":[1,0],"2":[1,0],"3":[1,0],"4":[0,0],"5":[0,0],"6":[0,0],"7":[0,0],"8":[0,0],"9":[1,1],"10":[0],"11":[0,0],"12":[0,0]}}
}
