TN:
SF:src/main.ts
FN:26,askCryptoQuestion
FN:37,askFiatQuestion
FN:48,askTradeTypeQuestion
FN:59,askTransAmountQuestion
FN:74,askQuestion
FN:154,requestBinanceP2P
FN:173,requestP2P
FN:187,prepareP2POption
FN:199,sortOrderWithPriceAndFinishRate
FN:214,sortOrderWithPrice
FN:222,mapColor
FN:238,(anonymous_14)
FN:251,thousandSeparator
FN:259,generateTable
FN:322,setIntervalImmediately
FN:327,(anonymous_18)
FN:327,(anonymous_19)
FN:334,(anonymous_20)
FN:334,(anonymous_21)
FNF:19
FNH:10
FNDA:1,askCryptoQuestion
FNDA:1,askFiatQuestion
FNDA:1,askTradeTypeQuestion
FNDA:1,askTransAmountQuestion
FNDA:1,askQuestion
FNDA:0,requestBinanceP2P
FNDA:0,requestP2P
FNDA:0,prepareP2POption
FNDA:1,sortOrderWithPriceAndFinishRate
FNDA:1,sortOrderWithPrice
FNDA:0,mapColor
FNDA:1,(anonymous_14)
FNDA:0,thousandSeparator
FNDA:0,generateTable
FNDA:0,setIntervalImmediately
FNDA:1,(anonymous_18)
FNDA:1,(anonymous_19)
FNDA:0,(anonymous_20)
FNDA:0,(anonymous_21)
DA:1,1
DA:2,1
DA:3,1
DA:4,1
DA:6,1
DA:7,1
DA:9,1
DA:10,1
DA:11,1
DA:12,1
DA:13,1
DA:14,1
DA:24,1
DA:27,1
DA:28,1
DA:38,1
DA:39,1
DA:49,1
DA:50,1
DA:60,1
DA:75,1
DA:76,1
DA:78,1
DA:142,1
DA:144,1
DA:145,1
DA:147,1
DA:149,1
DA:151,1
DA:157,0
DA:159,0
DA:164,0
DA:170,0
DA:174,0
DA:175,0
DA:176,0
DA:178,0
DA:179,0
DA:180,0
DA:183,0
DA:188,0
DA:196,0
DA:199,1
DA:200,1
DA:201,1
DA:205,1
DA:209,1
DA:211,1
DA:214,1
DA:215,1
DA:216,1
DA:217,1
DA:219,1
DA:223,0
DA:225,0
DA:226,0
DA:227,0
DA:228,0
DA:229,0
DA:232,0
DA:235,0
DA:238,1
DA:239,1
DA:240,1
DA:241,1
DA:242,1
DA:245,1
DA:252,0
DA:253,0
DA:256,0
DA:260,0
DA:291,0
DA:292,0
DA:293,0
DA:294,0
DA:295,0
DA:296,0
DA:297,0
DA:298,0
DA:299,0
DA:300,0
DA:301,0
DA:303,0
DA:307,0
DA:319,0
DA:323,0
DA:324,0
DA:327,1
DA:328,1
DA:329,1
DA:331,0
DA:332,0
DA:334,0
DA:335,0
DA:336,0
DA:337,0
DA:338,0
DA:339,0
DA:341,0
DA:350,0
LF:100
LH:49
BRDA:27,0,0,1
BRDA:27,0,1,0
BRDA:38,1,0,1
BRDA:38,1,1,0
BRDA:49,2,0,1
BRDA:49,2,1,0
BRDA:55,3,0,1
BRDA:55,3,1,0
BRDA:178,4,0,0
BRDA:178,4,1,0
BRDA:178,5,0,0
BRDA:178,5,1,0
BRDA:190,6,0,0
BRDA:190,6,1,0
BRDA:228,7,0,0
BRDA:228,7,1,0
BRDA:230,8,0,0
BRDA:230,8,1,0
BRDA:238,9,0,1
BRDA:238,9,1,1
BRDA:251,10,0,0
BRDA:304,11,0,0
BRDA:304,11,1,0
BRDA:309,12,0,0
BRDA:309,12,1,0
BRF:25
BRH:6
end_of_record
